[35m[Appium][39m Welcome to Appium v1.22.3
[35m[Appium][39m Non-default server args:
[35m[Appium][39m   port: 49542
[35m[Appium][39m   loglevel: info
[35m[Appium][39m   tmpDir: C:\Users\Danang\AppData\Local\Temp\\Katalon\Appium\Temp1685532157063
[35m[Appium][39m   chromedriverPort: 49543
[35m[Appium][39m Deprecated server args:
[35m[Appium][39m   [31m--chromedriver-port[39m => --default-capabilities
[35m[Appium][39m Default capabilities, which will be added to each request unless overridden by desired capabilities:
[35m[Appium][39m   chromedriverPort: 49543
[35m[Appium][39m Appium REST http interface listener started on 0.0.0.0:49542
[35m[HTTP][39m [37m-->[39m [37mGET[39m [37m/wd/hub/status[39m
[35m[HTTP][39m [90m{}[39m
[35m[HTTP][39m [37m<-- GET /wd/hub/status [39m[32m200[39m [90m4 ms - 68[39m
[35m[HTTP][39m [90m[39m
[35m[HTTP][39m [37m-->[39m [37mGET[39m [37m/wd/hub/status[39m
[35m[HTTP][39m [90m{}[39m
[35m[HTTP][39m [37m<-- GET /wd/hub/status [39m[32m200[39m [90m1 ms - 68[39m
[35m[HTTP][39m [90m[39m
[35m[HTTP][39m [37m-->[39m [37mPOST[39m [37m/wd/hub/session[39m
[35m[HTTP][39m [90m{"desiredCapabilities":{"app":"D:\\APK\\Android-MyDemoAppRN.1.2.0.build-231.apk","noReset":true,"deviceName":"emulator-5554 (sdk_gphone_x86_64 - Android 13)","fullReset":false,"platform":"ANDROID","newCommandTimeout":1800,"platformVersion":"13","automationName":"uiautomator2","autoGrantPermissions":true,"platformName":"Android","udid":"emulator-5554","systemPort":49548},"capabilities":{"firstMatch":[{"appium:app":"D:\\APK\\Android-MyDemoAppRN.1.2.0.build-231.apk","appium:autoGrantPermissions":true,"appium:automationName":"uiautomator2","appium:deviceName":"emulator-5554 (sdk_gphone_x86_64 - Android 13)","appium:fullReset":false,"appium:newCommandTimeout":1800,"appium:noReset":true,"platform":"ANDROID","platformName":"android","appium:platformVersion":"13","appium:systemPort":49548,"appium:udid":"emulator-5554"}]}}[39m
[35m[BaseDriver][39m The following capabilities are not standard capabilities and should have an extension prefix:
[35m[BaseDriver][39m   platform
[35m[BaseDriver][39m   chromedriverPort
[35m[Appium][39m Appium v1.22.3 creating new AndroidUiautomator2Driver (v1.70.1) session
[35m[BaseDriver][39m The following capabilities were provided, but are not recognized by Appium:
[35m[BaseDriver][39m   platform
[35m[BaseDriver][39m Session created with session id: 0e1be16a-a8ef-472d-923a-349864082ff5
[35m[BaseDriver][39m Using local app 'D:\APK\Android-MyDemoAppRN.1.2.0.build-231.apk'
[35m[ADB][39m Found 1 'build-tools' folders under 'C:\Users\Danang\.katalon\tools\android_sdk' (newest first):
[35m[ADB][39m     C:/Users/Danang/.katalon/tools/android_sdk/build-tools/29.0.3
[35m[ADB][39m Using 'adb.exe' from 'C:\Users\Danang\.katalon\tools\android_sdk\platform-tools\adb.exe'
[35m[AndroidDriver][39m Retrieving device list
[35m[AndroidDriver][39m Using device: emulator-5554
[35m[ADB][39m Using 'adb.exe' from 'C:\Users\Danang\.katalon\tools\android_sdk\platform-tools\adb.exe'
[35m[ADB][39m Getting device platform version
[35m[UiAutomator2][39m Relaxing hidden api policy
[35m[ADB][39m Package name: 'com.saucelabs.mydemoapp.rn'
[35m[ADB][39m Main activity name: 'com.saucelabs.mydemoapp.rn.MainActivity'
[35m[ADB][39m Using 'apksigner.jar' from 'C:\Users\Danang\.katalon\tools\android_sdk\build-tools\29.0.3\lib\apksigner.jar'
[35m[ADB][39m 'C:\Users\Danang\AppData\Roaming\npm\node_modules\appium\node_modules\appium-uiautomator2-server\apks\appium-uiautomator2-server-v4.27.0.apk' is signed with the default certificate
[35m[ADB][39m 'C:\Users\Danang\AppData\Roaming\npm\node_modules\appium\node_modules\appium-uiautomator2-server\apks\appium-uiautomator2-server-debug-androidTest.apk' is signed with the default certificate
[35m[UiAutomator2][39m Server packages are not going to be (re)installed
[35m[ADB][39m Adding packages ["io.appium.settings","io.appium.uiautomator2.server","io.appium.uiautomator2.server.test"] to Doze whitelist
[35m[ADB][39m 'D:\APK\Android-MyDemoAppRN.1.2.0.build-231.apk' is signed with a non-default certificate
[35m[ADB][39m The application at 'D:\APK\Android-MyDemoAppRN.1.2.0.build-231.apk' will not be cached, because the device under test has confirmed the support of streamed installs
[35m[ADB][39m The installation of 'Android-MyDemoAppRN.1.2.0.build-231.apk' took 1464ms
[35m[UiAutomator2][39m Starting UIAutomator2 server 4.27.0
[35m[UiAutomator2][39m Using UIAutomator2 server from 'C:\Users\Danang\AppData\Roaming\npm\node_modules\appium\node_modules\appium-uiautomator2-server\apks\appium-uiautomator2-server-v4.27.0.apk' and test from 'C:\Users\Danang\AppData\Roaming\npm\node_modules\appium\node_modules\appium-uiautomator2-server\apks\appium-uiautomator2-server-debug-androidTest.apk'
[35m[UiAutomator2][39m Waiting up to 30000ms for UiAutomator2 to be online...
[35m[WD Proxy][39m socket hang up
[35m[WD Proxy][39m socket hang up
[35m[WD Proxy][39m Determined the downstream protocol as 'W3C'
[35m[AndroidDriver][39m Screen already unlocked, doing nothing
[35m[UiAutomator2][39m Starting 'com.saucelabs.mydemoapp.rn/com.saucelabs.mydemoapp.rn.MainActivity and waiting for 'com.saucelabs.mydemoapp.rn/com.saucelabs.mydemoapp.rn.MainActivity'
[35m[Appium][39m New AndroidUiautomator2Driver session created successfully, session 0e1be16a-a8ef-472d-923a-349864082ff5 added to master session list
[35m[HTTP][39m [37m<-- POST /wd/hub/session [39m[32m200[39m [90m8826 ms - 1290[39m
[35m[HTTP][39m [90m[39m
[35m[HTTP][39m [37m-->[39m [37mGET[39m [37m/wd/hub/session/0e1be16a-a8ef-472d-923a-349864082ff5[39m
[35m[HTTP][39m [90m{}[39m
[35m[HTTP][39m [37m<-- GET /wd/hub/session/0e1be16a-a8ef-472d-923a-349864082ff5 [39m[32m200[39m [90m17 ms - 1244[39m
[35m[HTTP][39m [90m[39m
[35m[HTTP][39m [37m-->[39m [37mGET[39m [37m/wd/hub/session/0e1be16a-a8ef-472d-923a-349864082ff5[39m
[35m[HTTP][39m [90m{}[39m
[35m[HTTP][39m [37m<-- GET /wd/hub/session/0e1be16a-a8ef-472d-923a-349864082ff5 [39m[32m200[39m [90m15 ms - 1244[39m
[35m[HTTP][39m [90m[39m
[35m[HTTP][39m [37m-->[39m [37mGET[39m [37m/wd/hub/status[39m
[35m[HTTP][39m [90m{}[39m
[35m[HTTP][39m [37m<-- GET /wd/hub/status [39m[32m200[39m [90m0 ms - 68[39m
[35m[HTTP][39m [90m[39m
[35m[HTTP][39m [37m-->[39m [37mPOST[39m [37m/wd/hub/session/0e1be16a-a8ef-472d-923a-349864082ff5/timeouts[39m
[35m[HTTP][39m [90m{"implicit":60000}[39m
[35m[HTTP][39m [37m<-- POST /wd/hub/session/0e1be16a-a8ef-472d-923a-349864082ff5/timeouts [39m[32m200[39m [90m2 ms - 14[39m
[35m[HTTP][39m [90m[39m
[35m[HTTP][39m [37m-->[39m [37mGET[39m [37m/wd/hub/session/0e1be16a-a8ef-472d-923a-349864082ff5/source[39m
[35m[HTTP][39m [90m{}[39m
[35m[W3C (0e1be16a)][39m Driver proxy active, passing request on via HTTP proxy
[35m[WD Proxy][39m Replacing sessionId e0d750d9-331b-4710-ac10-169614885147 with 0e1be16a-a8ef-472d-923a-349864082ff5
[35m[HTTP][39m [37m<-- GET /wd/hub/session/0e1be16a-a8ef-472d-923a-349864082ff5/source [39m[32m200[39m [90m715 ms - 54034[39m
[35m[HTTP][39m [90m[39m
[35m[HTTP][39m [37m-->[39m [37mGET[39m [37m/wd/hub/session/0e1be16a-a8ef-472d-923a-349864082ff5/screenshot[39m
[35m[HTTP][39m [90m{}[39m
[35m[HTTP][39m [37m<-- GET /wd/hub/session/0e1be16a-a8ef-472d-923a-349864082ff5/screenshot [39m[32m200[39m [90m536 ms - 1836728[39m
[35m[HTTP][39m [90m[39m
[35m[HTTP][39m [37m-->[39m [37mPOST[39m [37m/wd/hub/session/0e1be16a-a8ef-472d-923a-349864082ff5/elements[39m
[35m[HTTP][39m [90m{"using":"xpath","value":"//*[@class = 'android.view.ViewGroup' and (@text = '' or . = '')]"}[39m
[35m[HTTP][39m [37m<-- POST /wd/hub/session/0e1be16a-a8ef-472d-923a-349864082ff5/elements [39m[32m200[39m [90m426 ms - 7947[39m
[35m[HTTP][39m [90m[39m
[35m[HTTP][39m [37m-->[39m [37mPOST[39m [37m/wd/hub/session/0e1be16a-a8ef-472d-923a-349864082ff5/elements[39m
[35m[HTTP][39m [90m{"using":"accessibility id","value":"sort button"}[39m
[35m[HTTP][39m [37m<-- POST /wd/hub/session/0e1be16a-a8ef-472d-923a-349864082ff5/elements [39m[32m200[39m [90m39 ms - 139[39m
[35m[HTTP][39m [90m[39m
[35m[HTTP][39m [37m-->[39m [37mGET[39m [37m/wd/hub/session/0e1be16a-a8ef-472d-923a-349864082ff5/window/rect[39m
[35m[HTTP][39m [90m{}[39m
[35m[HTTP][39m [37m<-- GET /wd/hub/session/0e1be16a-a8ef-472d-923a-349864082ff5/window/rect [39m[32m200[39m [90m12 ms - 50[39m
[35m[HTTP][39m [90m[39m
[35m[HTTP][39m [37m-->[39m [37mPOST[39m [37m/wd/hub/session/0e1be16a-a8ef-472d-923a-349864082ff5/elements[39m
[35m[HTTP][39m [90m{"using":"accessibility id","value":"sort button"}[39m
[35m[HTTP][39m [37m<-- POST /wd/hub/session/0e1be16a-a8ef-472d-923a-349864082ff5/elements [39m[32m200[39m [90m44 ms - 139[39m
[35m[HTTP][39m [90m[39m
[35m[HTTP][39m [37m-->[39m [37mGET[39m [37m/wd/hub/session/0e1be16a-a8ef-472d-923a-349864082ff5/element/00000000-0000-0125-ffff-ffff00000025/location[39m
[35m[HTTP][39m [90m{}[39m
[35m[W3C (0e1be16a)][39m Driver proxy active, passing request on via HTTP proxy
[35m[WD Proxy][39m Replacing sessionId e0d750d9-331b-4710-ac10-169614885147 with 0e1be16a-a8ef-472d-923a-349864082ff5
[35m[HTTP][39m [37m<-- GET /wd/hub/session/0e1be16a-a8ef-472d-923a-349864082ff5/element/00000000-0000-0125-ffff-ffff00000025/location [39m[32m200[39m [90m13 ms - 77[39m
[35m[HTTP][39m [90m[39m
[35m[HTTP][39m [37m-->[39m [37mPOST[39m [37m/wd/hub/session/0e1be16a-a8ef-472d-923a-349864082ff5/element/00000000-0000-0125-ffff-ffff00000025/click[39m
[35m[HTTP][39m [90m{"id":"00000000-0000-0125-ffff-ffff00000025"}[39m
[35m[HTTP][39m [37m<-- POST /wd/hub/session/0e1be16a-a8ef-472d-923a-349864082ff5/element/00000000-0000-0125-ffff-ffff00000025/click [39m[32m200[39m [90m44 ms - 14[39m
[35m[HTTP][39m [90m[39m
[35m[HTTP][39m [37m-->[39m [37mGET[39m [37m/wd/hub/session/0e1be16a-a8ef-472d-923a-349864082ff5/source[39m
[35m[HTTP][39m [90m{}[39m
[35m[W3C (0e1be16a)][39m Driver proxy active, passing request on via HTTP proxy
[35m[WD Proxy][39m Replacing sessionId e0d750d9-331b-4710-ac10-169614885147 with 0e1be16a-a8ef-472d-923a-349864082ff5
[35m[HTTP][39m [37m<-- GET /wd/hub/session/0e1be16a-a8ef-472d-923a-349864082ff5/source [39m[32m200[39m [90m361 ms - 11587[39m
[35m[HTTP][39m [90m[39m
[35m[HTTP][39m [37m-->[39m [37mGET[39m [37m/wd/hub/session/0e1be16a-a8ef-472d-923a-349864082ff5/screenshot[39m
[35m[HTTP][39m [90m{}[39m
[35m[HTTP][39m [37m<-- GET /wd/hub/session/0e1be16a-a8ef-472d-923a-349864082ff5/screenshot [39m[32m200[39m [90m422 ms - 1325262[39m
[35m[HTTP][39m [90m[39m
[35m[HTTP][39m [37m-->[39m [37mPOST[39m [37m/wd/hub/session/0e1be16a-a8ef-472d-923a-349864082ff5/elements[39m
[35m[HTTP][39m [90m{"using":"xpath","value":"//*[@class = 'android.widget.TextView' and (@text = 'Name - Ascending' or . = 'Name - Ascending')]"}[39m
[35m[HTTP][39m [37m<-- POST /wd/hub/session/0e1be16a-a8ef-472d-923a-349864082ff5/elements [39m[32m200[39m [90m36 ms - 139[39m
[35m[HTTP][39m [90m[39m
[35m[HTTP][39m [37m-->[39m [37mGET[39m [37m/wd/hub/session/0e1be16a-a8ef-472d-923a-349864082ff5/window/rect[39m
[35m[HTTP][39m [90m{}[39m
[35m[HTTP][39m [37m<-- GET /wd/hub/session/0e1be16a-a8ef-472d-923a-349864082ff5/window/rect [39m[32m200[39m [90m10 ms - 50[39m
[35m[HTTP][39m [90m[39m
[35m[HTTP][39m [37m-->[39m [37mPOST[39m [37m/wd/hub/session/0e1be16a-a8ef-472d-923a-349864082ff5/elements[39m
[35m[HTTP][39m [90m{"using":"xpath","value":"//*[@class = 'android.widget.TextView' and (@text = 'Name - Ascending' or . = 'Name - Ascending')]"}[39m
[35m[HTTP][39m [37m<-- POST /wd/hub/session/0e1be16a-a8ef-472d-923a-349864082ff5/elements [39m[32m200[39m [90m34 ms - 139[39m
[35m[HTTP][39m [90m[39m
[35m[HTTP][39m [37m-->[39m [37mGET[39m [37m/wd/hub/session/0e1be16a-a8ef-472d-923a-349864082ff5/element/00000000-0000-0126-ffff-ffff000000ba/location[39m
[35m[HTTP][39m [90m{}[39m
[35m[W3C (0e1be16a)][39m Driver proxy active, passing request on via HTTP proxy
[35m[WD Proxy][39m Replacing sessionId e0d750d9-331b-4710-ac10-169614885147 with 0e1be16a-a8ef-472d-923a-349864082ff5
[35m[HTTP][39m [37m<-- GET /wd/hub/session/0e1be16a-a8ef-472d-923a-349864082ff5/element/00000000-0000-0126-ffff-ffff000000ba/location [39m[32m200[39m [90m13 ms - 78[39m
[35m[HTTP][39m [90m[39m
[35m[HTTP][39m [37m-->[39m [37mPOST[39m [37m/wd/hub/session/0e1be16a-a8ef-472d-923a-349864082ff5/element/00000000-0000-0126-ffff-ffff000000ba/click[39m
[35m[HTTP][39m [90m{"id":"00000000-0000-0126-ffff-ffff000000ba"}[39m
[35m[HTTP][39m [37m<-- POST /wd/hub/session/0e1be16a-a8ef-472d-923a-349864082ff5/element/00000000-0000-0126-ffff-ffff000000ba/click [39m[32m200[39m [90m58 ms - 14[39m
[35m[HTTP][39m [90m[39m
[35m[HTTP][39m [37m-->[39m [37mGET[39m [37m/wd/hub/session/0e1be16a-a8ef-472d-923a-349864082ff5/source[39m
[35m[HTTP][39m [90m{}[39m
[35m[W3C (0e1be16a)][39m Driver proxy active, passing request on via HTTP proxy
[35m[WD Proxy][39m Replacing sessionId e0d750d9-331b-4710-ac10-169614885147 with 0e1be16a-a8ef-472d-923a-349864082ff5
[35m[HTTP][39m [37m<-- GET /wd/hub/session/0e1be16a-a8ef-472d-923a-349864082ff5/source [39m[32m200[39m [90m335 ms - 54034[39m
[35m[HTTP][39m [90m[39m
[35m[HTTP][39m [37m-->[39m [37mGET[39m [37m/wd/hub/session/0e1be16a-a8ef-472d-923a-349864082ff5/screenshot[39m
[35m[HTTP][39m [90m{}[39m
[35m[HTTP][39m [37m<-- GET /wd/hub/session/0e1be16a-a8ef-472d-923a-349864082ff5/screenshot [39m[32m200[39m [90m478 ms - 1837176[39m
[35m[HTTP][39m [90m[39m
[35m[HTTP][39m [37m-->[39m [37mPOST[39m [37m/wd/hub/session/0e1be16a-a8ef-472d-923a-349864082ff5/elements[39m
[35m[HTTP][39m [90m{"using":"xpath","value":"//*[@class = 'android.view.ViewGroup' and (@text = '' or . = '')]"}[39m
[35m[HTTP][39m [37m<-- POST /wd/hub/session/0e1be16a-a8ef-472d-923a-349864082ff5/elements [39m[32m200[39m [90m172 ms - 7947[39m
[35m[HTTP][39m [90m[39m
[35m[HTTP][39m [37m-->[39m [37mPOST[39m [37m/wd/hub/session/0e1be16a-a8ef-472d-923a-349864082ff5/elements[39m
[35m[HTTP][39m [90m{"using":"accessibility id","value":"sort button"}[39m
[35m[HTTP][39m [37m<-- POST /wd/hub/session/0e1be16a-a8ef-472d-923a-349864082ff5/elements [39m[32m200[39m [90m38 ms - 139[39m
[35m[HTTP][39m [90m[39m
[35m[HTTP][39m [37m-->[39m [37mGET[39m [37m/wd/hub/session/0e1be16a-a8ef-472d-923a-349864082ff5/window/rect[39m
[35m[HTTP][39m [90m{}[39m
[35m[HTTP][39m [37m<-- GET /wd/hub/session/0e1be16a-a8ef-472d-923a-349864082ff5/window/rect [39m[32m200[39m [90m6 ms - 50[39m
[35m[HTTP][39m [90m[39m
[35m[HTTP][39m [37m-->[39m [37mPOST[39m [37m/wd/hub/session/0e1be16a-a8ef-472d-923a-349864082ff5/elements[39m
[35m[HTTP][39m [90m{"using":"accessibility id","value":"sort button"}[39m
[35m[HTTP][39m [37m<-- POST /wd/hub/session/0e1be16a-a8ef-472d-923a-349864082ff5/elements [39m[32m200[39m [90m29 ms - 139[39m
[35m[HTTP][39m [90m[39m
[35m[HTTP][39m [37m-->[39m [37mGET[39m [37m/wd/hub/session/0e1be16a-a8ef-472d-923a-349864082ff5/element/00000000-0000-0125-ffff-ffff00000025/location[39m
[35m[HTTP][39m [90m{}[39m
[35m[W3C (0e1be16a)][39m Driver proxy active, passing request on via HTTP proxy
[35m[WD Proxy][39m Replacing sessionId e0d750d9-331b-4710-ac10-169614885147 with 0e1be16a-a8ef-472d-923a-349864082ff5
[35m[HTTP][39m [37m<-- GET /wd/hub/session/0e1be16a-a8ef-472d-923a-349864082ff5/element/00000000-0000-0125-ffff-ffff00000025/location [39m[32m200[39m [90m11 ms - 77[39m
[35m[HTTP][39m [90m[39m
[35m[HTTP][39m [37m-->[39m [37mPOST[39m [37m/wd/hub/session/0e1be16a-a8ef-472d-923a-349864082ff5/element/00000000-0000-0125-ffff-ffff00000025/click[39m
[35m[HTTP][39m [90m{"id":"00000000-0000-0125-ffff-ffff00000025"}[39m
[35m[HTTP][39m [37m<-- POST /wd/hub/session/0e1be16a-a8ef-472d-923a-349864082ff5/element/00000000-0000-0125-ffff-ffff00000025/click [39m[32m200[39m [90m58 ms - 14[39m
[35m[HTTP][39m [90m[39m
[35m[HTTP][39m [37m-->[39m [37mGET[39m [37m/wd/hub/session/0e1be16a-a8ef-472d-923a-349864082ff5/source[39m
[35m[HTTP][39m [90m{}[39m
[35m[W3C (0e1be16a)][39m Driver proxy active, passing request on via HTTP proxy
[35m[WD Proxy][39m Replacing sessionId e0d750d9-331b-4710-ac10-169614885147 with 0e1be16a-a8ef-472d-923a-349864082ff5
[35m[HTTP][39m [37m<-- GET /wd/hub/session/0e1be16a-a8ef-472d-923a-349864082ff5/source [39m[32m200[39m [90m298 ms - 11587[39m
[35m[HTTP][39m [90m[39m
[35m[HTTP][39m [37m-->[39m [37mGET[39m [37m/wd/hub/session/0e1be16a-a8ef-472d-923a-349864082ff5/screenshot[39m
[35m[HTTP][39m [90m{}[39m
[35m[HTTP][39m [37m<-- GET /wd/hub/session/0e1be16a-a8ef-472d-923a-349864082ff5/screenshot [39m[32m200[39m [90m432 ms - 1325426[39m
[35m[HTTP][39m [90m[39m
[35m[HTTP][39m [37m-->[39m [37mPOST[39m [37m/wd/hub/session/0e1be16a-a8ef-472d-923a-349864082ff5/elements[39m
[35m[HTTP][39m [90m{"using":"xpath","value":"//*[@class = 'android.widget.TextView' and (@text = 'Name - Descending' or . = 'Name - Descending')]"}[39m
[35m[HTTP][39m [37m<-- POST /wd/hub/session/0e1be16a-a8ef-472d-923a-349864082ff5/elements [39m[32m200[39m [90m28 ms - 139[39m
[35m[HTTP][39m [90m[39m
[35m[HTTP][39m [37m-->[39m [37mGET[39m [37m/wd/hub/session/0e1be16a-a8ef-472d-923a-349864082ff5/window/rect[39m
[35m[HTTP][39m [90m{}[39m
[35m[HTTP][39m [37m<-- GET /wd/hub/session/0e1be16a-a8ef-472d-923a-349864082ff5/window/rect [39m[32m200[39m [90m5 ms - 50[39m
[35m[HTTP][39m [90m[39m
[35m[HTTP][39m [37m-->[39m [37mPOST[39m [37m/wd/hub/session/0e1be16a-a8ef-472d-923a-349864082ff5/elements[39m
[35m[HTTP][39m [90m{"using":"xpath","value":"//*[@class = 'android.widget.TextView' and (@text = 'Name - Descending' or . = 'Name - Descending')]"}[39m
[35m[HTTP][39m [37m<-- POST /wd/hub/session/0e1be16a-a8ef-472d-923a-349864082ff5/elements [39m[32m200[39m [90m28 ms - 139[39m
[35m[HTTP][39m [90m[39m
[35m[HTTP][39m [37m-->[39m [37mGET[39m [37m/wd/hub/session/0e1be16a-a8ef-472d-923a-349864082ff5/element/00000000-0000-0127-ffff-ffff000000da/location[39m
[35m[HTTP][39m [90m{}[39m
[35m[W3C (0e1be16a)][39m Driver proxy active, passing request on via HTTP proxy
[35m[WD Proxy][39m Replacing sessionId e0d750d9-331b-4710-ac10-169614885147 with 0e1be16a-a8ef-472d-923a-349864082ff5
[35m[HTTP][39m [37m<-- GET /wd/hub/session/0e1be16a-a8ef-472d-923a-349864082ff5/element/00000000-0000-0127-ffff-ffff000000da/location [39m[32m200[39m [90m8 ms - 79[39m
[35m[HTTP][39m [90m[39m
[35m[HTTP][39m [37m-->[39m [37mPOST[39m [37m/wd/hub/session/0e1be16a-a8ef-472d-923a-349864082ff5/element/00000000-0000-0127-ffff-ffff000000da/click[39m
[35m[HTTP][39m [90m{"id":"00000000-0000-0127-ffff-ffff000000da"}[39m
[35m[HTTP][39m [37m<-- POST /wd/hub/session/0e1be16a-a8ef-472d-923a-349864082ff5/element/00000000-0000-0127-ffff-ffff000000da/click [39m[32m200[39m [90m48 ms - 14[39m
[35m[HTTP][39m [90m[39m
[35m[HTTP][39m [37m-->[39m [37mGET[39m [37m/wd/hub/session/0e1be16a-a8ef-472d-923a-349864082ff5/source[39m
[35m[HTTP][39m [90m{}[39m
[35m[W3C (0e1be16a)][39m Driver proxy active, passing request on via HTTP proxy
[35m[WD Proxy][39m Replacing sessionId e0d750d9-331b-4710-ac10-169614885147 with 0e1be16a-a8ef-472d-923a-349864082ff5
[35m[HTTP][39m [37m<-- GET /wd/hub/session/0e1be16a-a8ef-472d-923a-349864082ff5/source [39m[32m200[39m [90m681 ms - 54040[39m
[35m[HTTP][39m [90m[39m
[35m[HTTP][39m [37m-->[39m [37mGET[39m [37m/wd/hub/session/0e1be16a-a8ef-472d-923a-349864082ff5/screenshot[39m
[35m[HTTP][39m [90m{}[39m
[35m[HTTP][39m [37m<-- GET /wd/hub/session/0e1be16a-a8ef-472d-923a-349864082ff5/screenshot [39m[32m200[39m [90m413 ms - 1408890[39m
[35m[HTTP][39m [90m[39m
[35m[HTTP][39m [37m-->[39m [37mPOST[39m [37m/wd/hub/session/0e1be16a-a8ef-472d-923a-349864082ff5/elements[39m
[35m[HTTP][39m [90m{"using":"xpath","value":"//*[@class = 'android.view.ViewGroup' and (@text = '' or . = '')]"}[39m
[35m[HTTP][39m [37m<-- POST /wd/hub/session/0e1be16a-a8ef-472d-923a-349864082ff5/elements [39m[32m200[39m [90m185 ms - 7947[39m
[35m[HTTP][39m [90m[39m
[35m[HTTP][39m [37m-->[39m [37mPOST[39m [37m/wd/hub/session/0e1be16a-a8ef-472d-923a-349864082ff5/elements[39m
[35m[HTTP][39m [90m{"using":"accessibility id","value":"sort button"}[39m
[35m[HTTP][39m [37m<-- POST /wd/hub/session/0e1be16a-a8ef-472d-923a-349864082ff5/elements [39m[32m200[39m [90m33 ms - 139[39m
[35m[HTTP][39m [90m[39m
[35m[HTTP][39m [37m-->[39m [37mGET[39m [37m/wd/hub/session/0e1be16a-a8ef-472d-923a-349864082ff5/window/rect[39m
[35m[HTTP][39m [90m{}[39m
[35m[HTTP][39m [37m<-- GET /wd/hub/session/0e1be16a-a8ef-472d-923a-349864082ff5/window/rect [39m[32m200[39m [90m5 ms - 50[39m
[35m[HTTP][39m [90m[39m
[35m[HTTP][39m [37m-->[39m [37mPOST[39m [37m/wd/hub/session/0e1be16a-a8ef-472d-923a-349864082ff5/elements[39m
[35m[HTTP][39m [90m{"using":"accessibility id","value":"sort button"}[39m
[35m[HTTP][39m [37m<-- POST /wd/hub/session/0e1be16a-a8ef-472d-923a-349864082ff5/elements [39m[32m200[39m [90m35 ms - 139[39m
[35m[HTTP][39m [90m[39m
[35m[HTTP][39m [37m-->[39m [37mGET[39m [37m/wd/hub/session/0e1be16a-a8ef-472d-923a-349864082ff5/element/00000000-0000-0125-ffff-ffff00000025/location[39m
[35m[HTTP][39m [90m{}[39m
[35m[W3C (0e1be16a)][39m Driver proxy active, passing request on via HTTP proxy
[35m[WD Proxy][39m Replacing sessionId e0d750d9-331b-4710-ac10-169614885147 with 0e1be16a-a8ef-472d-923a-349864082ff5
[35m[HTTP][39m [37m<-- GET /wd/hub/session/0e1be16a-a8ef-472d-923a-349864082ff5/element/00000000-0000-0125-ffff-ffff00000025/location [39m[32m200[39m [90m10 ms - 77[39m
[35m[HTTP][39m [90m[39m
[35m[HTTP][39m [37m-->[39m [37mPOST[39m [37m/wd/hub/session/0e1be16a-a8ef-472d-923a-349864082ff5/element/00000000-0000-0125-ffff-ffff00000025/click[39m
[35m[HTTP][39m [90m{"id":"00000000-0000-0125-ffff-ffff00000025"}[39m
[35m[HTTP][39m [37m<-- POST /wd/hub/session/0e1be16a-a8ef-472d-923a-349864082ff5/element/00000000-0000-0125-ffff-ffff00000025/click [39m[32m200[39m [90m61 ms - 14[39m
[35m[HTTP][39m [90m[39m
[35m[HTTP][39m [37m-->[39m [37mGET[39m [37m/wd/hub/session/0e1be16a-a8ef-472d-923a-349864082ff5/source[39m
[35m[HTTP][39m [90m{}[39m
[35m[W3C (0e1be16a)][39m Driver proxy active, passing request on via HTTP proxy
[35m[WD Proxy][39m Replacing sessionId e0d750d9-331b-4710-ac10-169614885147 with 0e1be16a-a8ef-472d-923a-349864082ff5
[35m[HTTP][39m [37m<-- GET /wd/hub/session/0e1be16a-a8ef-472d-923a-349864082ff5/source [39m[32m200[39m [90m343 ms - 11588[39m
[35m[HTTP][39m [90m[39m
[35m[HTTP][39m [37m-->[39m [37mGET[39m [37m/wd/hub/session/0e1be16a-a8ef-472d-923a-349864082ff5/screenshot[39m
[35m[HTTP][39m [90m{}[39m
[35m[HTTP][39m [37m<-- GET /wd/hub/session/0e1be16a-a8ef-472d-923a-349864082ff5/screenshot [39m[32m200[39m [90m382 ms - 1072152[39m
[35m[HTTP][39m [90m[39m
[35m[HTTP][39m [37m-->[39m [37mPOST[39m [37m/wd/hub/session/0e1be16a-a8ef-472d-923a-349864082ff5/elements[39m
[35m[HTTP][39m [90m{"using":"xpath","value":"//*[@class = 'android.widget.TextView' and (@text = 'Price - Ascending' or . = 'Price - Ascending')]"}[39m
[35m[HTTP][39m [37m<-- POST /wd/hub/session/0e1be16a-a8ef-472d-923a-349864082ff5/elements [39m[32m200[39m [90m28 ms - 139[39m
[35m[HTTP][39m [90m[39m
[35m[HTTP][39m [37m-->[39m [37mGET[39m [37m/wd/hub/session/0e1be16a-a8ef-472d-923a-349864082ff5/window/rect[39m
[35m[HTTP][39m [90m{}[39m
[35m[HTTP][39m [37m<-- GET /wd/hub/session/0e1be16a-a8ef-472d-923a-349864082ff5/window/rect [39m[32m200[39m [90m5 ms - 50[39m
[35m[HTTP][39m [90m[39m
[35m[HTTP][39m [37m-->[39m [37mPOST[39m [37m/wd/hub/session/0e1be16a-a8ef-472d-923a-349864082ff5/elements[39m
[35m[HTTP][39m [90m{"using":"xpath","value":"//*[@class = 'android.widget.TextView' and (@text = 'Price - Ascending' or . = 'Price - Ascending')]"}[39m
[35m[HTTP][39m [37m<-- POST /wd/hub/session/0e1be16a-a8ef-472d-923a-349864082ff5/elements [39m[32m200[39m [90m27 ms - 139[39m
[35m[HTTP][39m [90m[39m
[35m[HTTP][39m [37m-->[39m [37mGET[39m [37m/wd/hub/session/0e1be16a-a8ef-472d-923a-349864082ff5/element/00000000-0000-0128-ffff-ffff00000157/location[39m
[35m[HTTP][39m [90m{}[39m
[35m[W3C (0e1be16a)][39m Driver proxy active, passing request on via HTTP proxy
[35m[WD Proxy][39m Replacing sessionId e0d750d9-331b-4710-ac10-169614885147 with 0e1be16a-a8ef-472d-923a-349864082ff5
[35m[HTTP][39m [37m<-- GET /wd/hub/session/0e1be16a-a8ef-472d-923a-349864082ff5/element/00000000-0000-0128-ffff-ffff00000157/location [39m[32m200[39m [90m10 ms - 79[39m
[35m[HTTP][39m [90m[39m
[35m[HTTP][39m [37m-->[39m [37mPOST[39m [37m/wd/hub/session/0e1be16a-a8ef-472d-923a-349864082ff5/element/00000000-0000-0128-ffff-ffff00000157/click[39m
[35m[HTTP][39m [90m{"id":"00000000-0000-0128-ffff-ffff00000157"}[39m
[35m[HTTP][39m [37m<-- POST /wd/hub/session/0e1be16a-a8ef-472d-923a-349864082ff5/element/00000000-0000-0128-ffff-ffff00000157/click [39m[32m200[39m [90m70 ms - 14[39m
[35m[HTTP][39m [90m[39m
[35m[HTTP][39m [37m-->[39m [37mGET[39m [37m/wd/hub/session/0e1be16a-a8ef-472d-923a-349864082ff5/source[39m
[35m[HTTP][39m [90m{}[39m
[35m[W3C (0e1be16a)][39m Driver proxy active, passing request on via HTTP proxy
[35m[WD Proxy][39m Replacing sessionId e0d750d9-331b-4710-ac10-169614885147 with 0e1be16a-a8ef-472d-923a-349864082ff5
[35m[HTTP][39m [37m<-- GET /wd/hub/session/0e1be16a-a8ef-472d-923a-349864082ff5/source [39m[32m200[39m [90m252 ms - 54034[39m
[35m[HTTP][39m [90m[39m
[35m[HTTP][39m [37m-->[39m [37mGET[39m [37m/wd/hub/session/0e1be16a-a8ef-472d-923a-349864082ff5/screenshot[39m
[35m[HTTP][39m [90m{}[39m
[35m[HTTP][39m [37m<-- GET /wd/hub/session/0e1be16a-a8ef-472d-923a-349864082ff5/screenshot [39m[32m200[39m [90m437 ms - 1744602[39m
[35m[HTTP][39m [90m[39m
[35m[HTTP][39m [37m-->[39m [37mPOST[39m [37m/wd/hub/session/0e1be16a-a8ef-472d-923a-349864082ff5/elements[39m
[35m[HTTP][39m [90m{"using":"xpath","value":"//*[@class = 'android.view.ViewGroup' and (@text = '' or . = '')]"}[39m
[35m[HTTP][39m [37m<-- POST /wd/hub/session/0e1be16a-a8ef-472d-923a-349864082ff5/elements [39m[32m200[39m [90m133 ms - 7947[39m
[35m[HTTP][39m [90m[39m
[35m[HTTP][39m [37m-->[39m [37mPOST[39m [37m/wd/hub/session/0e1be16a-a8ef-472d-923a-349864082ff5/elements[39m
[35m[HTTP][39m [90m{"using":"accessibility id","value":"sort button"}[39m
[35m[HTTP][39m [37m<-- POST /wd/hub/session/0e1be16a-a8ef-472d-923a-349864082ff5/elements [39m[32m200[39m [90m30 ms - 139[39m
[35m[HTTP][39m [90m[39m
[35m[HTTP][39m [37m-->[39m [37mGET[39m [37m/wd/hub/session/0e1be16a-a8ef-472d-923a-349864082ff5/window/rect[39m
[35m[HTTP][39m [90m{}[39m
[35m[HTTP][39m [37m<-- GET /wd/hub/session/0e1be16a-a8ef-472d-923a-349864082ff5/window/rect [39m[32m200[39m [90m5 ms - 50[39m
[35m[HTTP][39m [90m[39m
[35m[HTTP][39m [37m-->[39m [37mPOST[39m [37m/wd/hub/session/0e1be16a-a8ef-472d-923a-349864082ff5/elements[39m
[35m[HTTP][39m [90m{"using":"accessibility id","value":"sort button"}[39m
[35m[HTTP][39m [37m<-- POST /wd/hub/session/0e1be16a-a8ef-472d-923a-349864082ff5/elements [39m[32m200[39m [90m41 ms - 139[39m
[35m[HTTP][39m [90m[39m
[35m[HTTP][39m [37m-->[39m [37mGET[39m [37m/wd/hub/session/0e1be16a-a8ef-472d-923a-349864082ff5/element/00000000-0000-0125-ffff-ffff00000025/location[39m
[35m[HTTP][39m [90m{}[39m
[35m[W3C (0e1be16a)][39m Driver proxy active, passing request on via HTTP proxy
[35m[WD Proxy][39m Replacing sessionId e0d750d9-331b-4710-ac10-169614885147 with 0e1be16a-a8ef-472d-923a-349864082ff5
[35m[HTTP][39m [37m<-- GET /wd/hub/session/0e1be16a-a8ef-472d-923a-349864082ff5/element/00000000-0000-0125-ffff-ffff00000025/location [39m[32m200[39m [90m10 ms - 77[39m
[35m[HTTP][39m [90m[39m
[35m[HTTP][39m [37m-->[39m [37mPOST[39m [37m/wd/hub/session/0e1be16a-a8ef-472d-923a-349864082ff5/element/00000000-0000-0125-ffff-ffff00000025/click[39m
[35m[HTTP][39m [90m{"id":"00000000-0000-0125-ffff-ffff00000025"}[39m
[35m[HTTP][39m [37m<-- POST /wd/hub/session/0e1be16a-a8ef-472d-923a-349864082ff5/element/00000000-0000-0125-ffff-ffff00000025/click [39m[32m200[39m [90m58 ms - 14[39m
[35m[HTTP][39m [90m[39m
[35m[HTTP][39m [37m-->[39m [37mGET[39m [37m/wd/hub/session/0e1be16a-a8ef-472d-923a-349864082ff5/source[39m
[35m[HTTP][39m [90m{}[39m
[35m[W3C (0e1be16a)][39m Driver proxy active, passing request on via HTTP proxy
[35m[WD Proxy][39m Replacing sessionId e0d750d9-331b-4710-ac10-169614885147 with 0e1be16a-a8ef-472d-923a-349864082ff5
[35m[HTTP][39m [37m<-- GET /wd/hub/session/0e1be16a-a8ef-472d-923a-349864082ff5/source [39m[32m200[39m [90m315 ms - 11588[39m
[35m[HTTP][39m [90m[39m
[35m[HTTP][39m [37m-->[39m [37mGET[39m [37m/wd/hub/session/0e1be16a-a8ef-472d-923a-349864082ff5/screenshot[39m
[35m[HTTP][39m [90m{}[39m
[35m[HTTP][39m [37m<-- GET /wd/hub/session/0e1be16a-a8ef-472d-923a-349864082ff5/screenshot [39m[32m200[39m [90m389 ms - 1262106[39m
[35m[HTTP][39m [90m[39m
[35m[HTTP][39m [37m-->[39m [37mPOST[39m [37m/wd/hub/session/0e1be16a-a8ef-472d-923a-349864082ff5/elements[39m
[35m[HTTP][39m [90m{"using":"xpath","value":"//*[@class = 'android.widget.TextView' and (@text = 'Price - Descending' or . = 'Price - Descending')]"}[39m
[35m[HTTP][39m [37m<-- POST /wd/hub/session/0e1be16a-a8ef-472d-923a-349864082ff5/elements [39m[32m200[39m [90m27 ms - 139[39m
[35m[HTTP][39m [90m[39m
[35m[HTTP][39m [37m-->[39m [37mGET[39m [37m/wd/hub/session/0e1be16a-a8ef-472d-923a-349864082ff5/window/rect[39m
[35m[HTTP][39m [90m{}[39m
[35m[HTTP][39m [37m<-- GET /wd/hub/session/0e1be16a-a8ef-472d-923a-349864082ff5/window/rect [39m[32m200[39m [90m5 ms - 50[39m
[35m[HTTP][39m [90m[39m
[35m[HTTP][39m [37m-->[39m [37mPOST[39m [37m/wd/hub/session/0e1be16a-a8ef-472d-923a-349864082ff5/elements[39m
[35m[HTTP][39m [90m{"using":"xpath","value":"//*[@class = 'android.widget.TextView' and (@text = 'Price - Descending' or . = 'Price - Descending')]"}[39m
[35m[HTTP][39m [37m<-- POST /wd/hub/session/0e1be16a-a8ef-472d-923a-349864082ff5/elements [39m[32m200[39m [90m28 ms - 139[39m
[35m[HTTP][39m [90m[39m
[35m[HTTP][39m [37m-->[39m [37mGET[39m [37m/wd/hub/session/0e1be16a-a8ef-472d-923a-349864082ff5/element/00000000-0000-0129-ffff-ffff000001d4/location[39m
[35m[HTTP][39m [90m{}[39m
[35m[W3C (0e1be16a)][39m Driver proxy active, passing request on via HTTP proxy
[35m[WD Proxy][39m Replacing sessionId e0d750d9-331b-4710-ac10-169614885147 with 0e1be16a-a8ef-472d-923a-349864082ff5
[35m[HTTP][39m [37m<-- GET /wd/hub/session/0e1be16a-a8ef-472d-923a-349864082ff5/element/00000000-0000-0129-ffff-ffff000001d4/location [39m[32m200[39m [90m9 ms - 79[39m
[35m[HTTP][39m [90m[39m
[35m[HTTP][39m [37m-->[39m [37mPOST[39m [37m/wd/hub/session/0e1be16a-a8ef-472d-923a-349864082ff5/element/00000000-0000-0129-ffff-ffff000001d4/click[39m
[35m[HTTP][39m [90m{"id":"00000000-0000-0129-ffff-ffff000001d4"}[39m
[35m[HTTP][39m [37m<-- POST /wd/hub/session/0e1be16a-a8ef-472d-923a-349864082ff5/element/00000000-0000-0129-ffff-ffff000001d4/click [39m[32m200[39m [90m57 ms - 14[39m
[35m[HTTP][39m [90m[39m
[35m[HTTP][39m [37m-->[39m [37mGET[39m [37m/wd/hub/session/0e1be16a-a8ef-472d-923a-349864082ff5/source[39m
[35m[HTTP][39m [90m{}[39m
[35m[W3C (0e1be16a)][39m Driver proxy active, passing request on via HTTP proxy
[35m[WD Proxy][39m Replacing sessionId e0d750d9-331b-4710-ac10-169614885147 with 0e1be16a-a8ef-472d-923a-349864082ff5
[35m[HTTP][39m [37m<-- GET /wd/hub/session/0e1be16a-a8ef-472d-923a-349864082ff5/source [39m[32m200[39m [90m315 ms - 54043[39m
[35m[HTTP][39m [90m[39m
[35m[HTTP][39m [37m-->[39m [37mGET[39m [37m/wd/hub/session/0e1be16a-a8ef-472d-923a-349864082ff5/screenshot[39m
[35m[HTTP][39m [90m{}[39m
[35m[HTTP][39m [37m<-- GET /wd/hub/session/0e1be16a-a8ef-472d-923a-349864082ff5/screenshot [39m[32m200[39m [90m448 ms - 1493832[39m
[35m[HTTP][39m [90m[39m
[35m[HTTP][39m [37m-->[39m [37mDELETE[39m [37m/wd/hub/session/0e1be16a-a8ef-472d-923a-349864082ff5[39m
[35m[HTTP][39m [90m{}[39m
[35m[Appium][39m Removing session 0e1be16a-a8ef-472d-923a-349864082ff5 from our master session list
[35m[UiAutomator2][39m Restoring hidden api policy to the device default configuration
[35m[HTTP][39m [37m<-- DELETE /wd/hub/session/0e1be16a-a8ef-472d-923a-349864082ff5 [39m[32m200[39m [90m228 ms - 14[39m
[35m[HTTP][39m [90m[39m
